<?xml version="1.0" encoding="UTF-8"?>
<!-- Generated by org.testng.reporters.JUnitReportReporter -->
<testsuite hostname="LAPTOP-VT3SL9S3" failures="0" tests="3" name="testscripts.LogInTest" time="114.272" errors="0" timestamp="2025-02-14T08:08:44 IST" skipped="0">
  <testcase classname="testscripts.LogInTest" name="verifyUserIsNotAbleToLoginWithTheInValidUserNameAndInValidPassword" time="41.986"/>
  <testcase classname="testscripts.LogInTest" name="verifyUserIsNotAbleToLoginWithTheInValidUserNameAndInValidPassword" time="54.046"/>
  <testcase classname="testscripts.LogInTest" name="verifyUserIsNotAbleToLoginWithTheInValidUserNameAndInValidPassword" time="18.240"/>
</testsuite> <!-- testscripts.LogInTest -->
