<?xml version="1.0" encoding="UTF-8"?>
<!-- Generated by org.testng.reporters.JUnitReportReporter -->
<testsuite hostname="LAPTOP-VT3SL9S3" failures="0" tests="1" name="testscripts.AdminUserTest" time="8.020" errors="0" timestamp="2025-02-18T20:23:57 IST" skipped="0">
  <testcase classname="testscripts.AdminUserTest" name="verifyUserIsAbleToAddNewAdminUser" time="8.020"/>
</testsuite> <!-- testscripts.AdminUserTest -->
