<?xml version="1.0" encoding="UTF-8"?>
<!-- Generated by org.testng.reporters.JUnitReportReporter -->
<testsuite hostname="LAPTOP-VT3SL9S3" failures="0" tests="1" name="testscripts.AdminUserNewAndSearchTest" time="6.165" errors="0" timestamp="2025-02-12T20:28:14 IST" skipped="0">
  <testcase classname="testscripts.AdminUserNewAndSearchTest" name="verifyUserIsAbleToAddNewAdminUser" time="6.165"/>
</testsuite> <!-- testscripts.AdminUserNewAndSearchTest -->
