<?xml version="1.0" encoding="UTF-8"?>
<!-- Generated by org.testng.reporters.JUnitReportReporter -->
<testsuite hostname="LAPTOP-VT3SL9S3" failures="0" tests="1" name="testscript.Annotations" time="0.008" errors="0" timestamp="2025-01-29T07:31:35 IST" skipped="0">
  <testcase classname="testscript.Annotations" name="testCase" time="0.008"/>
</testsuite> <!-- testscript.Annotations -->
